2014-03-21 17:29:31.354 photos[17022:a0b] Multi-tasking -> Device: YES, App: YES
2014-03-21 17:29:31.760 photos[17022:a0b] Unlimited access to network resources
2014-03-21 17:29:32.928 photos[17022:a0b] Resetting plugins due to page load.
2014-03-21 17:29:33.164 photos[17022:a0b] Finished load of: file:///Users/cedricguillou/Library/Application%20Support/iPhone%20Simulator/7.0/Applications/6680BB37-47E1-4F91-BE07-6AFB9BA4D1A3/photos.app/www/index.html
2014-03-21 17:30:06.151 photos[17163:a0b] Multi-tasking -> Device: YES, App: YES
2014-03-21 17:30:06.158 photos[17163:a0b] Unlimited access to network resources
2014-03-21 17:30:06.285 photos[17163:a0b] Resetting plugins due to page load.
2014-03-21 17:30:06.351 photos[17163:a0b] Finished load of: file:///Users/cedricguillou/Library/Application%20Support/iPhone%20Simulator/7.0/Applications/6680BB37-47E1-4F91-BE07-6AFB9BA4D1A3/photos.app/www/index.html
2014-03-21 17:30:48.013 photos[17302:a0b] Multi-tasking -> Device: YES, App: YES
2014-03-21 17:30:48.020 photos[17302:a0b] Unlimited access to network resources
2014-03-21 17:30:48.130 photos[17302:a0b] Resetting plugins due to page load.
2014-03-21 17:30:48.209 photos[17302:a0b] Finished load of: file:///Users/cedricguillou/Library/Application%20Support/iPhone%20Simulator/7.0/Applications/6680BB37-47E1-4F91-BE07-6AFB9BA4D1A3/photos.app/www/index.html
2014-03-21 17:32:02.730 photos[17444:a0b] Multi-tasking -> Device: YES, App: YES
2014-03-21 17:32:02.738 photos[17444:a0b] Unlimited access to network resources
2014-03-21 17:32:02.847 photos[17444:a0b] Resetting plugins due to page load.
2014-03-21 17:32:02.888 photos[17444:a0b] Finished load of: file:///Users/cedricguillou/Library/Application%20Support/iPhone%20Simulator/7.0/Applications/6680BB37-47E1-4F91-BE07-6AFB9BA4D1A3/photos.app/www/index.html
2014-03-21 17:33:00.823 photos[17578:a0b] Multi-tasking -> Device: YES, App: YES
2014-03-21 17:33:00.830 photos[17578:a0b] Unlimited access to network resources
2014-03-21 17:33:01.001 photos[17578:a0b] Resetting plugins due to page load.
2014-03-21 17:33:01.031 photos[17578:a0b] Finished load of: file:///Users/cedricguillou/Library/Application%20Support/iPhone%20Simulator/7.0/Applications/6680BB37-47E1-4F91-BE07-6AFB9BA4D1A3/photos.app/www/index.html
2014-03-21 17:33:41.697 photos[17704:a0b] Multi-tasking -> Device: YES, App: YES
2014-03-21 17:33:41.705 photos[17704:a0b] Unlimited access to network resources
2014-03-21 17:33:41.871 photos[17704:a0b] Resetting plugins due to page load.
2014-03-21 17:33:41.899 photos[17704:a0b] Finished load of: file:///Users/cedricguillou/Library/Application%20Support/iPhone%20Simulator/7.0/Applications/6680BB37-47E1-4F91-BE07-6AFB9BA4D1A3/photos.app/www/index.html
2014-03-21 17:34:35.938 photos[17843:a0b] Multi-tasking -> Device: YES, App: YES
2014-03-21 17:34:35.952 photos[17843:a0b] Unlimited access to network resources
2014-03-21 17:34:36.133 photos[17843:a0b] Resetting plugins due to page load.
2014-03-21 17:34:36.182 photos[17843:a0b] Finished load of: file:///Users/cedricguillou/Library/Application%20Support/iPhone%20Simulator/7.0/Applications/6680BB37-47E1-4F91-BE07-6AFB9BA4D1A3/photos.app/www/index.html
2014-03-21 17:35:00.753 photos[17962:a0b] Multi-tasking -> Device: YES, App: YES
2014-03-21 17:35:00.762 photos[17962:a0b] Unlimited access to network resources
2014-03-21 17:35:00.819 photos[17962:a0b] Resetting plugins due to page load.
2014-03-21 17:35:00.859 photos[17962:a0b] Finished load of: file:///Users/cedricguillou/Library/Application%20Support/iPhone%20Simulator/7.0/Applications/6680BB37-47E1-4F91-BE07-6AFB9BA4D1A3/photos.app/www/index.html
2014-03-21 17:35:53.098 photos[18095:a0b] Multi-tasking -> Device: YES, App: YES
2014-03-21 17:35:53.105 photos[18095:a0b] Unlimited access to network resources
2014-03-21 17:35:53.193 photos[18095:a0b] Resetting plugins due to page load.
2014-03-21 17:35:53.250 photos[18095:a0b] Finished load of: file:///Users/cedricguillou/Library/Application%20Support/iPhone%20Simulator/7.0/Applications/6680BB37-47E1-4F91-BE07-6AFB9BA4D1A3/photos.app/www/index.html
2014-03-21 17:36:11.697 photos[18211:a0b] Multi-tasking -> Device: YES, App: YES
2014-03-21 17:36:11.704 photos[18211:a0b] Unlimited access to network resources
2014-03-21 17:36:11.895 photos[18211:a0b] Resetting plugins due to page load.
2014-03-21 17:36:11.925 photos[18211:a0b] Finished load of: file:///Users/cedricguillou/Library/Application%20Support/iPhone%20Simulator/7.0/Applications/6680BB37-47E1-4F91-BE07-6AFB9BA4D1A3/photos.app/www/index.html
2014-03-21 17:36:15.505 photos[18211:a0b] Camera.getPicture: source type 1 not available.
2014-03-21 17:36:16.576 photos[18211:a0b] Camera.getPicture: source type 1 not available.
2014-03-21 17:36:19.337 photos[18211:a0b] Camera.getPicture: source type 1 not available.
2014-03-21 17:40:02.274 photos[18660:a0b] Multi-tasking -> Device: YES, App: YES
2014-03-21 17:40:02.291 photos[18660:a0b] Unlimited access to network resources
2014-03-21 17:40:02.432 photos[18660:a0b] Resetting plugins due to page load.
2014-03-21 17:40:02.540 photos[18660:a0b] Finished load of: file:///Users/cedricguillou/Library/Application%20Support/iPhone%20Simulator/7.0/Applications/6680BB37-47E1-4F91-BE07-6AFB9BA4D1A3/photos.app/www/index.html
2014-03-21 17:40:08.821 photos[18660:a0b] THREAD WARNING: ['Camera'] took '974.181152' ms. Plugin should use a background thread.
2014-03-21 17:42:28.965 photos[18897:a0b] Multi-tasking -> Device: YES, App: YES
2014-03-21 17:42:28.972 photos[18897:a0b] Unlimited access to network resources
2014-03-21 17:42:29.100 photos[18897:a0b] Resetting plugins due to page load.
2014-03-21 17:42:29.154 photos[18897:a0b] Finished load of: file:///Users/cedricguillou/Library/Application%20Support/iPhone%20Simulator/7.0/Applications/6680BB37-47E1-4F91-BE07-6AFB9BA4D1A3/photos.app/www/index.html
2014-03-21 17:42:37.314 photos[18897:a0b] Camera.getPicture: source type 1 not available.
2014-03-21 17:42:38.412 photos[18897:a0b] Camera.getPicture: source type 1 not available.
2014-03-21 17:42:39.477 photos[18897:a0b] Camera.getPicture: source type 1 not available.
2014-03-21 17:42:40.165 photos[18897:a0b] Camera.getPicture: source type 1 not available.
2014-03-21 17:42:41.776 photos[18897:a0b] Camera.getPicture: source type 1 not available.
2014-03-21 19:50:07.569 photos[18897:a0b] Camera.getPicture: source type 1 not available.
