2014-03-20 17:26:34.293 accel[16476:a0b] Multi-tasking -> Device: YES, App: YES
2014-03-20 17:26:34.307 accel[16476:a0b] Unlimited access to network resources
2014-03-20 17:26:34.456 accel[16476:a0b] Resetting plugins due to page load.
2014-03-20 17:26:34.563 accel[16476:a0b] Finished load of: file:///Users/cedricguillou/Library/Application%20Support/iPhone%20Simulator/7.0/Applications/988D4FA4-61A3-4D93-B32D-16E8098D662B/accel.app/www/index.html
2014-03-20 17:30:52.538 accel[16716:a0b] Multi-tasking -> Device: YES, App: YES
2014-03-20 17:30:52.545 accel[16716:a0b] Unlimited access to network resources
2014-03-20 17:30:52.718 accel[16716:a0b] Resetting plugins due to page load.
2014-03-20 17:30:52.773 accel[16716:a0b] Finished load of: file:///Users/cedricguillou/Library/Application%20Support/iPhone%20Simulator/7.0/Applications/988D4FA4-61A3-4D93-B32D-16E8098D662B/accel.app/www/index.html
2014-03-20 17:31:59.456 accel[16860:a0b] Multi-tasking -> Device: YES, App: YES
2014-03-20 17:31:59.465 accel[16860:a0b] Unlimited access to network resources
2014-03-20 17:31:59.623 accel[16860:a0b] Resetting plugins due to page load.
2014-03-20 17:31:59.678 accel[16860:a0b] Finished load of: file:///Users/cedricguillou/Library/Application%20Support/iPhone%20Simulator/7.0/Applications/988D4FA4-61A3-4D93-B32D-16E8098D662B/accel.app/www/index.html
2014-03-20 17:33:22.306 accel[16860:a0b] Received memory warning.
2014-03-20 17:33:41.702 accel[17137:a0b] Multi-tasking -> Device: YES, App: YES
2014-03-20 17:33:41.711 accel[17137:a0b] Unlimited access to network resources
2014-03-20 17:33:41.837 accel[17137:a0b] Resetting plugins due to page load.
2014-03-20 17:33:41.948 accel[17137:a0b] Finished load of: file:///Users/cedricguillou/Library/Application%20Support/iPhone%20Simulator/7.0/Applications/988D4FA4-61A3-4D93-B32D-16E8098D662B/accel.app/www/index.html
2014-03-20 17:34:26.273 accel[17263:a0b] Multi-tasking -> Device: YES, App: YES
2014-03-20 17:34:26.289 accel[17263:a0b] Unlimited access to network resources
2014-03-20 17:34:26.469 accel[17263:a0b] Resetting plugins due to page load.
2014-03-20 17:34:26.531 accel[17263:a0b] Finished load of: file:///Users/cedricguillou/Library/Application%20Support/iPhone%20Simulator/7.0/Applications/988D4FA4-61A3-4D93-B32D-16E8098D662B/accel.app/www/index.html
